<?xml version="1.0" encoding="UTF-8"?>
<testsuite name="AsyncTest" tests="1" skipped="0" failures="0" errors="0" timestamp="2020-10-15T22:52:35" hostname="NICK" time="5.237">
  <properties/>
  <testcase name="asynctest" classname="AsyncTest" time="5.237"/>
  <system-out><![CDATA[Worker 1 is working on job: [job #0].
9488694E-A9C450F8[024] Job: job #0 is complete!
Worker 2 is working on job: [job #1].
7325ACCB-3F13DC71[024] Job: job #1 is complete!
Worker 3 is working on job: [job #2].
59A90B13-AB659C39[024] Job: job #2 is complete!
Worker 4 is working on job: [job #3].
BFB811B8-2B416149[024] Job: job #3 is complete!
Worker 1 is working on job: [job #4].
B757666A-90FCD5DF[024] Job: job #4 is complete!
Worker 2 is working on job: [job #5].
4AC7612A-8323D3C9[024] Job: job #5 is complete!
Worker 3 is working on job: [job #6].
16E0FC66-FA4F0BC8[024] Job: job #6 is complete!
Worker 4 is working on job: [job #7].
Worker 1 is working on job: [job #8].
Worker 2 is working on job: [job #9].
D23E0E2E-4458B6B5[024] Job: job #9 is complete!
]]></system-out>
  <system-err><![CDATA[]]></system-err>
</testsuite>
